# JRE version: OpenJDK Runtime Environment (8.0_152-b02) (build 1.8.0_152-release-1024-b02)
# Java VM: OpenJDK 64-Bit Server VM (25.152-b02 mixed mode windows-amd64 compressed oops)
Heap:
 PSYoungGen      total 386560K, used 385902K [0x00000000e0000000, 0x00000000fb700000, 0x0000000100000000)
  eden space 359424K, 100% used [0x00000000e0000000,0x00000000f5f00000,0x00000000f5f00000)
  from space 27136K, 97% used [0x00000000f5f00000,0x00000000f78dbb38,0x00000000f7980000)
  to   space 29696K, 66% used [0x00000000f9a00000,0x00000000fad44080,0x00000000fb700000)
 ParOldGen       total 114688K, used 76334K [0x00000000a0000000, 0x00000000a7000000, 0x00000000e0000000)
  object space 114688K, 66% used [0x00000000a0000000,0x00000000a4a8b8d8,0x00000000a7000000)
 Metaspace       used 92882K, capacity 98694K, committed 99840K, reserved 1136640K
  class space    used 11469K, capacity 12493K, committed 12800K, reserved 1048576K
GC Heap History (10 events):
Event: 8362.264 GC heap after
Heap after GC invocations=41 (full 4):
 PSYoungGen      total 305152K, used 16139K [0x00000000e0000000, 0x00000000f6d00000, 0x0000000100000000)
  eden space 281600K, 0% used [0x00000000e0000000,0x00000000e0000000,0x00000000f1300000)
  from space 23552K, 68% used [0x00000000f1300000,0x00000000f22c2e30,0x00000000f2a00000)
  to   space 23040K, 0% used [0x00000000f5680000,0x00000000f5680000,0x00000000f6d00000)
 ParOldGen       total 114688K, used 67364K [0x00000000a0000000, 0x00000000a7000000, 0x00000000e0000000)
  object space 114688K, 58% used [0x00000000a0000000,0x00000000a41c9118,0x00000000a7000000)
 Metaspace       used 92557K, capacity 98338K, committed 99456K, reserved 1136640K
  class space    used 11462K, capacity 12453K, committed 12672K, reserved 1048576K
}
Event: 8469.185 GC heap before
{Heap before GC invocations=42 (full 4):
 PSYoungGen      total 305152K, used 297739K [0x00000000e0000000, 0x00000000f6d00000, 0x0000000100000000)
  eden space 281600K, 100% used [0x00000000e0000000,0x00000000f1300000,0x00000000f1300000)
  from space 23552K, 68% used [0x00000000f1300000,0x00000000f22c2e30,0x00000000f2a00000)
  to   space 23040K, 0% used [0x00000000f5680000,0x00000000f5680000,0x00000000f6d00000)
 ParOldGen       total 114688K, used 67364K [0x00000000a0000000, 0x00000000a7000000, 0x00000000e0000000)
  object space 114688K, 58% used [0x00000000a0000000,0x00000000a41c9118,0x00000000a7000000)
 Metaspace       used 92642K, capacity 98362K, committed 99456K, reserved 1136640K
  class space    used 11464K, capacity 12457K, committed 12672K, reserved 1048576K
Event: 8469.210 GC heap after
Heap after GC invocations=42 (full 4):
 PSYoungGen      total 340480K, used 14143K [0x00000000e0000000, 0x00000000f6780000, 0x0000000100000000)
  eden space 323072K, 0% used [0x00000000e0000000,0x00000000e0000000,0x00000000f3b80000)
  from space 17408K, 81% used [0x00000000f5680000,0x00000000f644fd00,0x00000000f6780000)
  to   space 22528K, 0% used [0x00000000f3b80000,0x00000000f3b80000,0x00000000f5180000)
 ParOldGen       total 114688K, used 67372K [0x00000000a0000000, 0x00000000a7000000, 0x00000000e0000000)
  object space 114688K, 58% used [0x00000000a0000000,0x00000000a41cb118,0x00000000a7000000)
 Metaspace       used 92642K, capacity 98362K, committed 99456K, reserved 1136640K
  class space    used 11464K, capacity 12457K, committed 12672K, reserved 1048576K
}
Event: 8639.912 GC heap before
{Heap before GC invocations=43 (full 4):
 PSYoungGen      total 340480K, used 336336K [0x00000000e0000000, 0x00000000f6780000, 0x0000000100000000)
  eden space 323072K, 99% used [0x00000000e0000000,0x00000000f3aa44b0,0x00000000f3b80000)
  from space 17408K, 81% used [0x00000000f5680000,0x00000000f644fd00,0x00000000f6780000)
  to   space 22528K, 0% used [0x00000000f3b80000,0x00000000f3b80000,0x00000000f5180000)
 ParOldGen       total 114688K, used 67372K [0x00000000a0000000, 0x00000000a7000000, 0x00000000e0000000)
  object space 114688K, 58% used [0x00000000a0000000,0x00000000a41cb118,0x00000000a7000000)
 Metaspace       used 92679K, capacity 98366K, committed 99456K, reserved 1136640K
  class space    used 11465K, capacity 12457K, committed 12672K, reserved 1048576K
Event: 8639.960 GC heap after
Heap after GC invocations=43 (full 4):
 PSYoungGen      total 345600K, used 22521K [0x00000000e0000000, 0x00000000f9980000, 0x0000000100000000)
  eden space 323072K, 0% used [0x00000000e0000000,0x00000000e0000000,0x00000000f3b80000)
  from space 22528K, 99% used [0x00000000f3b80000,0x00000000f517e720,0x00000000f5180000)
  to   space 27136K, 0% used [0x00000000f7f00000,0x00000000f7f00000,0x00000000f9980000)
 ParOldGen       total 114688K, used 74336K [0x00000000a0000000, 0x00000000a7000000, 0x00000000e0000000)
  object space 114688K, 64% used [0x00000000a0000000,0x00000000a48981c0,0x00000000a7000000)
 Metaspace       used 92679K, capacity 98366K, committed 99456K, reserved 1136640K
  class space    used 11465K, capacity 12457K, committed 12672K, reserved 1048576K
}
Event: 9058.207 GC heap before
{Heap before GC invocations=44 (full 4):
 PSYoungGen      total 345600K, used 345593K [0x00000000e0000000, 0x00000000f9980000, 0x0000000100000000)
  eden space 323072K, 100% used [0x00000000e0000000,0x00000000f3b80000,0x00000000f3b80000)
  from space 22528K, 99% used [0x00000000f3b80000,0x00000000f517e720,0x00000000f5180000)
  to   space 27136K, 0% used [0x00000000f7f00000,0x00000000f7f00000,0x00000000f9980000)
 ParOldGen       total 114688K, used 74336K [0x00000000a0000000, 0x00000000a7000000, 0x00000000e0000000)
  object space 114688K, 64% used [0x00000000a0000000,0x00000000a48981c0,0x00000000a7000000)
 Metaspace       used 92732K, capacity 98500K, committed 99712K, reserved 1136640K
  class space    used 11466K, capacity 12458K, committed 12672K, reserved 1048576K
Event: 9058.260 GC heap after
Heap after GC invocations=44 (full 4):
 PSYoungGen      total 380928K, used 19663K [0x00000000e0000000, 0x00000000f9400000, 0x0000000100000000)
  eden space 359424K, 0% used [0x00000000e0000000,0x00000000e0000000,0x00000000f5f00000)
  from space 21504K, 91% used [0x00000000f7f00000,0x00000000f9233de0,0x00000000f9400000)
  to   space 27136K, 0% used [0x00000000f5f00000,0x00000000f5f00000,0x00000000f7980000)
 ParOldGen       total 114688K, used 76318K [0x00000000a0000000, 0x00000000a7000000, 0x00000000e0000000)
  object space 114688K, 66% used [0x00000000a0000000,0x00000000a4a878d8,0x00000000a7000000)
 Metaspace       used 92732K, capacity 98500K, committed 99712K, reserved 1136640K
  class space    used 11466K, capacity 12458K, committed 12672K, reserved 1048576K
}
Event: 9164.168 GC heap before
{Heap before GC invocations=45 (full 4):
 PSYoungGen      total 380928K, used 379087K [0x00000000e0000000, 0x00000000f9400000, 0x0000000100000000)
  eden space 359424K, 100% used [0x00000000e0000000,0x00000000f5f00000,0x00000000f5f00000)
  from space 21504K, 91% used [0x00000000f7f00000,0x00000000f9233de0,0x00000000f9400000)
  to   space 27136K, 0% used [0x00000000f5f00000,0x00000000f5f00000,0x00000000f7980000)
 ParOldGen       total 114688K, used 76318K [0x00000000a0000000, 0x00000000a7000000, 0x00000000e0000000)
  object space 114688K, 66% used [0x00000000a0000000,0x00000000a4a878d8,0x00000000a7000000)
 Metaspace       used 92818K, capacity 98628K, committed 99712K, reserved 1136640K
  class space    used 11466K, capacity 12458K, committed 12672K, reserved 1048576K
Event: 9164.207 GC heap after
Heap after GC invocations=45 (full 4):
 PSYoungGen      total 386560K, used 26478K [0x00000000e0000000, 0x00000000fb700000, 0x0000000100000000)
  eden space 359424K, 0% used [0x00000000e0000000,0x00000000e0000000,0x00000000f5f00000)
  from space 27136K, 97% used [0x00000000f5f00000,0x00000000f78dbb38,0x00000000f7980000)
  to   space 29696K, 0% used [0x00000000f9a00000,0x00000000f9a00000,0x00000000fb700000)
 ParOldGen       total 114688K, used 76326K [0x00000000a0000000, 0x00000000a7000000, 0x00000000e0000000)
  object space 114688K, 66% used [0x00000000a0000000,0x00000000a4a898d8,0x00000000a7000000)
 Metaspace       used 92818K, capacity 98628K, committed 99712K, reserved 1136640K
  class space    used 11466K, capacity 12458K, committed 12672K, reserved 1048576K
}
Event: 9248.715 GC heap before
{Heap before GC invocations=46 (full 4):
 PSYoungGen      total 386560K, used 385902K [0x00000000e0000000, 0x00000000fb700000, 0x0000000100000000)
  eden space 359424K, 100% used [0x00000000e0000000,0x00000000f5f00000,0x00000000f5f00000)
  from space 27136K, 97% used [0x00000000f5f00000,0x00000000f78dbb38,0x00000000f7980000)
  to   space 29696K, 0% used [0x00000000f9a00000,0x00000000f9a00000,0x00000000fb700000)
 ParOldGen       total 114688K, used 76326K [0x00000000a0000000, 0x00000000a7000000, 0x00000000e0000000)
  object space 114688K, 66% used [0x00000000a0000000,0x00000000a4a898d8,0x00000000a7000000)
 Metaspace       used 92882K, capacity 98694K, committed 99840K, reserved 1136640K
  class space    used 11469K, capacity 12493K, committed 12800K, reserved 1048576K

